[main] INFO mecsyco.artifact.interface.model.fmi.modelicaAgent -- initialized at time 0.0
[main] TRACE mecsyco.magent.simulation.modelicaAgent -- at -1 in Bus3.V send Tuple(1.025)
[main] DEBUG mecsyco.artifact.coupling.centralized.Bus3.V -- Received Event(at -1.0 Tuple(1.025))
[main] TRACE mecsyco.magent.simulation.modelicaAgent -- at -1 in Bus4.V send Tuple(1.0257881923915368)
[main] DEBUG mecsyco.artifact.coupling.centralized.Bus4.V -- Received Event(at -1.0 Tuple(1.0257881923915368))
[main] TRACE mecsyco.magent.simulation.modelicaAgent -- at -1 in Bus5.V send Tuple(0.9956303018262921)
[main] DEBUG mecsyco.artifact.coupling.centralized.Bus5.V -- Received Event(at -1.0 Tuple(0.9956303018262921))
[main] TRACE mecsyco.magent.simulation.modelicaAgent -- at -1 in breaker1.closed send Tuple(true)
[main] DEBUG mecsyco.artifact.coupling.centralized.breaker1.closed -- Received Event(at -1.0 Tuple(true))
[peersimAgent] DEBUG mecsyco.artifact.coupling.centralized.breaker1.closed -- Link time update (0.0)
[peersimAgent] DEBUG mecsyco.artifact.coupling.centralized.Bus3.V -- Link time update (0.0)
[peersimAgent] DEBUG mecsyco.artifact.coupling.centralized.Bus4.V -- Link time update (0.0)
[peersimAgent] DEBUG mecsyco.artifact.coupling.centralized.Bus5.V -- Link time update (0.0)
[peersimAgent] DEBUG mecsyco.artifact.coupling.centralized.breaker1.closed -- Link time update (0.0)
[peersimAgent] DEBUG mecsyco.artifact.coupling.centralized.breaker1.closed -- Link time update (9.223372036854776E15)
[peersimAgent] DEBUG mecsyco.artifact.coupling.centralized.Bus3.V -- Link time update (9.223372036854776E15)
[peersimAgent] DEBUG mecsyco.artifact.coupling.centralized.Bus4.V -- Link time update (9.223372036854776E15)
[modelicaAgent] DEBUG mecsyco.artifact.coupling.centralized.Bus3.V -- Link time update (0.0)
[modelicaAgent] DEBUG mecsyco.artifact.coupling.centralized.Bus4.V -- Link time update (0.0)
[modelicaAgent] DEBUG mecsyco.artifact.coupling.centralized.Bus5.V -- Link time update (0.0)
[modelicaAgent] DEBUG mecsyco.artifact.coupling.centralized.breaker1.closed -- Link time update (0.0)
[peersimAgent] DEBUG mecsyco.artifact.coupling.centralized.Bus5.V -- Link time update (9.223372036854776E15)
[peersimAgent] DEBUG mecsyco.artifact.coupling.centralized.breaker1.closed -- Link time update (9.223372036854776E15)
[modelicaAgent] INFO mecsyco.artifact.interface.model.fmi.modelicaAgent -- do step from 0.0 to 0.001
[peersimAgent] TRACE mecsyco.magent.simulation.peersimAgent -- at -1.0 from Bus3.V process Tuple(1.025)
[peersimAgent] WARN mecsyco.artifact.coupling.centralized.breaker1.closed -- New link time (0.0) is lower than the current one (9.223372036854776E15)
[peersimAgent] DEBUG mecsyco.artifact.coupling.centralized.breaker1.closed -- Link time update (0.0)
[peersimAgent] WARN mecsyco.artifact.coupling.centralized.Bus3.V -- New link time (0.0) is lower than the current one (9.223372036854776E15)
[peersimAgent] DEBUG mecsyco.artifact.coupling.centralized.Bus3.V -- Link time update (0.0)
[peersimAgent] WARN mecsyco.artifact.coupling.centralized.Bus4.V -- New link time (0.0) is lower than the current one (9.223372036854776E15)
[peersimAgent] DEBUG mecsyco.artifact.coupling.centralized.Bus4.V -- Link time update (0.0)
[peersimAgent] WARN mecsyco.artifact.coupling.centralized.Bus5.V -- New link time (0.0) is lower than the current one (9.223372036854776E15)
[peersimAgent] DEBUG mecsyco.artifact.coupling.centralized.Bus5.V -- Link time update (0.0)
[peersimAgent] WARN mecsyco.artifact.coupling.centralized.breaker1.closed -- New link time (0.0) is lower than the current one (9.223372036854776E15)
[peersimAgent] DEBUG mecsyco.artifact.coupling.centralized.breaker1.closed -- Link time update (0.0)
[peersimAgent] TRACE mecsyco.magent.simulation.peersimAgent -- at -1.0 from Bus4.V process Tuple(1.0257881923915368)
[peersimAgent] TRACE mecsyco.magent.simulation.peersimAgent -- at -1.0 from Bus5.V process Tuple(0.9956303018262921)
[peersimAgent] TRACE mecsyco.magent.simulation.peersimAgent -- at -1.0 from breaker1.closed process Tuple(true)
[modelicaAgent] DEBUG mecsyco.artifact.coupling.centralized.Bus3.V -- Link time update (0.002)
[modelicaAgent] DEBUG mecsyco.artifact.coupling.centralized.Bus4.V -- Link time update (0.002)
[modelicaAgent] DEBUG mecsyco.artifact.coupling.centralized.Bus5.V -- Link time update (0.002)
[modelicaAgent] DEBUG mecsyco.artifact.coupling.centralized.breaker1.closed -- Link time update (0.002)
[peersimAgent] TRACE mecsyco.magent.simulation.peersimAgent -- at 0.0 in breaker1.closed send Tuple(0.0; 1)
[peersimAgent] DEBUG mecsyco.artifact.coupling.centralized.breaker1.closed -- Received Event(at 0.0 Tuple(0.0; 1))
[peersimAgent] DEBUG mecsyco.artifact.coupling.centralized.breaker1.closed -- Link time update (9.223372036854776E15)
[peersimAgent] DEBUG mecsyco.artifact.coupling.centralized.Bus3.V -- Link time update (9.223372036854776E15)
[peersimAgent] DEBUG mecsyco.artifact.coupling.centralized.Bus4.V -- Link time update (9.223372036854776E15)
[peersimAgent] DEBUG mecsyco.artifact.coupling.centralized.Bus5.V -- Link time update (9.223372036854776E15)
[peersimAgent] DEBUG mecsyco.artifact.coupling.centralized.breaker1.closed -- Link time update (9.223372036854776E15)
[modelicaAgent] ERROR mecsyco.magent.simulation.modelicaAgent -- causality exception
mecsyco.core.exception.CausalityException: Causality constraint not respected: [modelicaAgent]: tl[0.001] > getOutputEvent.time[0.0]
	at mecsyco.core.agent.EventMAgent.run(EventMAgent.java:418) ~[mecsyco-re-2.0.1.jar:na]
[modelicaAgent] DEBUG mecsyco.artifact.coupling.centralized.Bus3.V -- Link time update (1.7976931348623157E308)
[modelicaAgent] DEBUG mecsyco.artifact.coupling.centralized.Bus4.V -- Link time update (1.7976931348623157E308)
[modelicaAgent] DEBUG mecsyco.artifact.coupling.centralized.Bus5.V -- Link time update (1.7976931348623157E308)
[modelicaAgent] DEBUG mecsyco.artifact.coupling.centralized.breaker1.closed -- Link time update (1.7976931348623157E308)
[peersimAgent] DEBUG mecsyco.artifact.coupling.centralized.breaker1.closed -- Link time update (1.7976931348623157E308)
[peersimAgent] DEBUG mecsyco.artifact.coupling.centralized.Bus3.V -- Link time update (1.7976931348623157E308)
[peersimAgent] DEBUG mecsyco.artifact.coupling.centralized.Bus4.V -- Link time update (1.7976931348623157E308)
[peersimAgent] DEBUG mecsyco.artifact.coupling.centralized.Bus5.V -- Link time update (1.7976931348623157E308)
[peersimAgent] DEBUG mecsyco.artifact.coupling.centralized.breaker1.closed -- Link time update (1.7976931348623157E308)
[peersimAgent] INFO mecsyco.artifact.interface.model.peerSim -- ends simulation at time 0.0
[modelicaAgent] INFO mecsyco.artifact.interface.model.fmi.modelicaAgent -- ends simulation at time 0.001
