[main] INFO mecsyco.artifact.interface.model.fmi.modelicaAgent -- initialized at time 0.0
[main] TRACE mecsyco.magent.simulation.modelicaAgent -- at -1 in Bus3.V send Tuple(1.025)
[main] DEBUG mecsyco.artifact.coupling.centralized.Bus3.V -- Received Event(at -1.0 Tuple(1.025))
[main] TRACE mecsyco.magent.simulation.modelicaAgent -- at -1 in Bus4.V send Tuple(1.0257881923915368)
[main] DEBUG mecsyco.artifact.coupling.centralized.Bus4.V -- Received Event(at -1.0 Tuple(1.0257881923915368))
[main] TRACE mecsyco.magent.simulation.modelicaAgent -- at -1 in Bus5.V send Tuple(0.9956303018262921)
[main] DEBUG mecsyco.artifact.coupling.centralized.Bus5.V -- Received Event(at -1.0 Tuple(0.9956303018262921))
[main] TRACE mecsyco.magent.simulation.modelicaAgent -- at -1 in breaker1.closed send Tuple(true)
[main] DEBUG mecsyco.artifact.coupling.centralized.breaker1.closed -- Received Event(at -1.0 Tuple(true))
[peersimAgent] DEBUG mecsyco.artifact.coupling.centralized.breaker1.closed -- Link time update (0.0)
[peersimAgent] DEBUG mecsyco.artifact.coupling.centralized.Bus3.V Voltage -- Link time update (0.0)
[peersimAgent] DEBUG mecsyco.artifact.coupling.centralized.Bus4.V Voltage -- Link time update (0.0)
[peersimAgent] DEBUG mecsyco.artifact.coupling.centralized.Bus5.V Voltage -- Link time update (0.0)
[modelicaAgent] DEBUG mecsyco.artifact.coupling.centralized.Bus3.V -- Link time update (0.0)
[peersimAgent] DEBUG mecsyco.artifact.coupling.centralized.breaker1.closed Boolean -- Link time update (0.0)
[modelicaAgent] DEBUG mecsyco.artifact.coupling.centralized.Bus4.V -- Link time update (0.0)
[modelicaAgent] DEBUG mecsyco.artifact.coupling.centralized.Bus5.V -- Link time update (0.0)
[modelicaAgent] DEBUG mecsyco.artifact.coupling.centralized.breaker1.closed -- Link time update (0.0)
[modelicaAgent] DEBUG mecsyco.artifact.coupling.centralized.Bus3.V -- Link time update (0.001)
[modelicaAgent] DEBUG mecsyco.artifact.coupling.centralized.Bus4.V -- Link time update (0.001)
[modelicaAgent] DEBUG mecsyco.artifact.coupling.centralized.Bus5.V -- Link time update (0.001)
[modelicaAgent] DEBUG mecsyco.artifact.coupling.centralized.breaker1.closed -- Link time update (0.001)
[peersimAgent] TRACE mecsyco.magent.simulation.peersimAgent -- at -1.0 from Bus3.V process Tuple(1.025)
[peersimAgent] TRACE mecsyco.magent.simulation.peersimAgent -- at -1.0 from Bus4.V process Tuple(1.0257881923915368)
[peersimAgent] TRACE mecsyco.magent.simulation.peersimAgent -- at -1.0 from Bus5.V process Tuple(0.9956303018262921)
[peersimAgent] TRACE mecsyco.magent.simulation.peersimAgent -- at -1.0 from breaker1.closed process Tuple(true)
[peersimAgent] TRACE mecsyco.magent.simulation.peersimAgent -- at 0.0 in breaker1.closed send Tuple(0.0; 1)
[peersimAgent] DEBUG mecsyco.artifact.coupling.centralized.breaker1.closed -- Received Event(at 0.0 Tuple(0.0; 1))
[peersimAgent] DEBUG mecsyco.artifact.coupling.centralized.breaker1.closed -- Link time update (9.223372036854776E15)
[peersimAgent] DEBUG mecsyco.artifact.coupling.centralized.Bus3.V Voltage -- Link time update (9.223372036854776E15)
[peersimAgent] DEBUG mecsyco.artifact.coupling.centralized.Bus4.V Voltage -- Link time update (9.223372036854776E15)
[peersimAgent] DEBUG mecsyco.artifact.coupling.centralized.Bus5.V Voltage -- Link time update (9.223372036854776E15)
[peersimAgent] DEBUG mecsyco.artifact.coupling.centralized.breaker1.closed Boolean -- Link time update (9.223372036854776E15)
[modelicaAgent] TRACE mecsyco.magent.simulation.modelicaAgent -- at 0.0 from breaker1.closed process Tuple(0.0; 1)
[modelicaAgent] INFO mecsyco.artifact.interface.model.fmi.modelicaAgent -- do step from 0.0 to 0.001
[modelicaAgent] DEBUG mecsyco.artifact.coupling.centralized.Bus3.V -- Link time update (0.002)
[modelicaAgent] DEBUG mecsyco.artifact.coupling.centralized.Bus4.V -- Link time update (0.002)
[modelicaAgent] DEBUG mecsyco.artifact.coupling.centralized.Bus5.V -- Link time update (0.002)
[modelicaAgent] DEBUG mecsyco.artifact.coupling.centralized.breaker1.closed -- Link time update (0.002)
[modelicaAgent] INFO mecsyco.artifact.interface.model.fmi.modelicaAgent -- do step from 0.001 to 0.002
[modelicaAgent] DEBUG mecsyco.artifact.coupling.centralized.Bus3.V -- Link time update (0.003)
[modelicaAgent] DEBUG mecsyco.artifact.coupling.centralized.Bus4.V -- Link time update (0.003)
[modelicaAgent] DEBUG mecsyco.artifact.coupling.centralized.Bus5.V -- Link time update (0.003)
[modelicaAgent] DEBUG mecsyco.artifact.coupling.centralized.breaker1.closed -- Link time update (0.003)
[modelicaAgent] INFO mecsyco.artifact.interface.model.fmi.modelicaAgent -- do step from 0.002 to 0.003
[modelicaAgent] DEBUG mecsyco.artifact.coupling.centralized.Bus3.V -- Link time update (0.004)
[modelicaAgent] DEBUG mecsyco.artifact.coupling.centralized.Bus4.V -- Link time update (0.004)
[modelicaAgent] DEBUG mecsyco.artifact.coupling.centralized.Bus5.V -- Link time update (0.004)
[modelicaAgent] DEBUG mecsyco.artifact.coupling.centralized.breaker1.closed -- Link time update (0.004)
[modelicaAgent] INFO mecsyco.artifact.interface.model.fmi.modelicaAgent -- do step from 0.003 to 0.004
[modelicaAgent] DEBUG mecsyco.artifact.coupling.centralized.Bus3.V -- Link time update (0.005)
[modelicaAgent] DEBUG mecsyco.artifact.coupling.centralized.Bus4.V -- Link time update (0.005)
[modelicaAgent] DEBUG mecsyco.artifact.coupling.centralized.Bus5.V -- Link time update (0.005)
[modelicaAgent] DEBUG mecsyco.artifact.coupling.centralized.breaker1.closed -- Link time update (0.005)
[modelicaAgent] INFO mecsyco.artifact.interface.model.fmi.modelicaAgent -- do step from 0.004 to 0.005
[modelicaAgent] DEBUG mecsyco.artifact.coupling.centralized.Bus3.V -- Link time update (0.006)
[modelicaAgent] DEBUG mecsyco.artifact.coupling.centralized.Bus4.V -- Link time update (0.006)
[modelicaAgent] DEBUG mecsyco.artifact.coupling.centralized.Bus5.V -- Link time update (0.006)
[modelicaAgent] DEBUG mecsyco.artifact.coupling.centralized.breaker1.closed -- Link time update (0.006)
[modelicaAgent] INFO mecsyco.artifact.interface.model.fmi.modelicaAgent -- do step from 0.005 to 0.006
[modelicaAgent] DEBUG mecsyco.artifact.coupling.centralized.Bus3.V -- Link time update (0.007)
[modelicaAgent] DEBUG mecsyco.artifact.coupling.centralized.Bus4.V -- Link time update (0.007)
[modelicaAgent] DEBUG mecsyco.artifact.coupling.centralized.Bus5.V -- Link time update (0.007)
[modelicaAgent] DEBUG mecsyco.artifact.coupling.centralized.breaker1.closed -- Link time update (0.007)
[modelicaAgent] INFO mecsyco.artifact.interface.model.fmi.modelicaAgent -- do step from 0.006 to 0.007
[modelicaAgent] DEBUG mecsyco.artifact.coupling.centralized.Bus3.V -- Link time update (0.008)
[modelicaAgent] DEBUG mecsyco.artifact.coupling.centralized.Bus4.V -- Link time update (0.008)
[modelicaAgent] DEBUG mecsyco.artifact.coupling.centralized.Bus5.V -- Link time update (0.008)
[modelicaAgent] DEBUG mecsyco.artifact.coupling.centralized.breaker1.closed -- Link time update (0.008)
[modelicaAgent] INFO mecsyco.artifact.interface.model.fmi.modelicaAgent -- do step from 0.007 to 0.008
[modelicaAgent] DEBUG mecsyco.artifact.coupling.centralized.Bus3.V -- Link time update (0.009000000000000001)
[modelicaAgent] DEBUG mecsyco.artifact.coupling.centralized.Bus4.V -- Link time update (0.009000000000000001)
[modelicaAgent] DEBUG mecsyco.artifact.coupling.centralized.Bus5.V -- Link time update (0.009000000000000001)
[modelicaAgent] DEBUG mecsyco.artifact.coupling.centralized.breaker1.closed -- Link time update (0.009000000000000001)
[modelicaAgent] INFO mecsyco.artifact.interface.model.fmi.modelicaAgent -- do step from 0.008 to 0.009000000000000001
[modelicaAgent] DEBUG mecsyco.artifact.coupling.centralized.Bus3.V -- Link time update (0.010000000000000002)
[modelicaAgent] DEBUG mecsyco.artifact.coupling.centralized.Bus4.V -- Link time update (0.010000000000000002)
[modelicaAgent] DEBUG mecsyco.artifact.coupling.centralized.Bus5.V -- Link time update (0.010000000000000002)
[modelicaAgent] DEBUG mecsyco.artifact.coupling.centralized.breaker1.closed -- Link time update (0.010000000000000002)
[modelicaAgent] INFO mecsyco.artifact.interface.model.fmi.modelicaAgent -- do step from 0.009000000000000001 to 0.010000000000000002
[modelicaAgent] DEBUG mecsyco.artifact.coupling.centralized.Bus3.V -- Link time update (0.011000000000000003)
[modelicaAgent] DEBUG mecsyco.artifact.coupling.centralized.Bus4.V -- Link time update (0.011000000000000003)
[modelicaAgent] DEBUG mecsyco.artifact.coupling.centralized.Bus5.V -- Link time update (0.011000000000000003)
[modelicaAgent] DEBUG mecsyco.artifact.coupling.centralized.breaker1.closed -- Link time update (0.011000000000000003)
[modelicaAgent] INFO mecsyco.artifact.interface.model.fmi.modelicaAgent -- do step from 0.010000000000000002 to 0.011000000000000003
[modelicaAgent] DEBUG mecsyco.artifact.coupling.centralized.Bus3.V -- Link time update (0.012000000000000004)
[modelicaAgent] DEBUG mecsyco.artifact.coupling.centralized.Bus4.V -- Link time update (0.012000000000000004)
[modelicaAgent] DEBUG mecsyco.artifact.coupling.centralized.Bus5.V -- Link time update (0.012000000000000004)
[modelicaAgent] DEBUG mecsyco.artifact.coupling.centralized.breaker1.closed -- Link time update (0.012000000000000004)
[modelicaAgent] INFO mecsyco.artifact.interface.model.fmi.modelicaAgent -- do step from 0.011000000000000003 to 0.012000000000000004
[modelicaAgent] DEBUG mecsyco.artifact.coupling.centralized.Bus3.V -- Link time update (0.013000000000000005)
[modelicaAgent] DEBUG mecsyco.artifact.coupling.centralized.Bus4.V -- Link time update (0.013000000000000005)
[modelicaAgent] DEBUG mecsyco.artifact.coupling.centralized.Bus5.V -- Link time update (0.013000000000000005)
[modelicaAgent] DEBUG mecsyco.artifact.coupling.centralized.breaker1.closed -- Link time update (0.013000000000000005)
[modelicaAgent] INFO mecsyco.artifact.interface.model.fmi.modelicaAgent -- do step from 0.012000000000000004 to 0.013000000000000005
[modelicaAgent] DEBUG mecsyco.artifact.coupling.centralized.Bus3.V -- Link time update (0.014000000000000005)
[modelicaAgent] DEBUG mecsyco.artifact.coupling.centralized.Bus4.V -- Link time update (0.014000000000000005)
[modelicaAgent] DEBUG mecsyco.artifact.coupling.centralized.Bus5.V -- Link time update (0.014000000000000005)
[modelicaAgent] DEBUG mecsyco.artifact.coupling.centralized.breaker1.closed -- Link time update (0.014000000000000005)
[modelicaAgent] INFO mecsyco.artifact.interface.model.fmi.modelicaAgent -- do step from 0.013000000000000005 to 0.014000000000000005
[modelicaAgent] DEBUG mecsyco.artifact.coupling.centralized.Bus3.V -- Link time update (0.015000000000000006)
[modelicaAgent] DEBUG mecsyco.artifact.coupling.centralized.Bus4.V -- Link time update (0.015000000000000006)
[modelicaAgent] DEBUG mecsyco.artifact.coupling.centralized.Bus5.V -- Link time update (0.015000000000000006)
[modelicaAgent] DEBUG mecsyco.artifact.coupling.centralized.breaker1.closed -- Link time update (0.015000000000000006)
[modelicaAgent] INFO mecsyco.artifact.interface.model.fmi.modelicaAgent -- do step from 0.014000000000000005 to 0.015000000000000006
[modelicaAgent] DEBUG mecsyco.artifact.coupling.centralized.Bus3.V -- Link time update (0.016000000000000007)
[modelicaAgent] DEBUG mecsyco.artifact.coupling.centralized.Bus4.V -- Link time update (0.016000000000000007)
[modelicaAgent] DEBUG mecsyco.artifact.coupling.centralized.Bus5.V -- Link time update (0.016000000000000007)
[modelicaAgent] DEBUG mecsyco.artifact.coupling.centralized.breaker1.closed -- Link time update (0.016000000000000007)
[modelicaAgent] INFO mecsyco.artifact.interface.model.fmi.modelicaAgent -- do step from 0.015000000000000006 to 0.016000000000000007
[modelicaAgent] DEBUG mecsyco.artifact.coupling.centralized.Bus3.V -- Link time update (0.017000000000000008)
[modelicaAgent] DEBUG mecsyco.artifact.coupling.centralized.Bus4.V -- Link time update (0.017000000000000008)
[modelicaAgent] DEBUG mecsyco.artifact.coupling.centralized.Bus5.V -- Link time update (0.017000000000000008)
[modelicaAgent] DEBUG mecsyco.artifact.coupling.centralized.breaker1.closed -- Link time update (0.017000000000000008)
[modelicaAgent] INFO mecsyco.artifact.interface.model.fmi.modelicaAgent -- do step from 0.016000000000000007 to 0.017000000000000008
[modelicaAgent] DEBUG mecsyco.artifact.coupling.centralized.Bus3.V -- Link time update (0.01800000000000001)
[modelicaAgent] DEBUG mecsyco.artifact.coupling.centralized.Bus4.V -- Link time update (0.01800000000000001)
[modelicaAgent] DEBUG mecsyco.artifact.coupling.centralized.Bus5.V -- Link time update (0.01800000000000001)
[modelicaAgent] DEBUG mecsyco.artifact.coupling.centralized.breaker1.closed -- Link time update (0.01800000000000001)
[modelicaAgent] INFO mecsyco.artifact.interface.model.fmi.modelicaAgent -- do step from 0.017000000000000008 to 0.01800000000000001
[modelicaAgent] DEBUG mecsyco.artifact.coupling.centralized.Bus3.V -- Link time update (0.01900000000000001)
[modelicaAgent] DEBUG mecsyco.artifact.coupling.centralized.Bus4.V -- Link time update (0.01900000000000001)
[modelicaAgent] DEBUG mecsyco.artifact.coupling.centralized.Bus5.V -- Link time update (0.01900000000000001)
[modelicaAgent] DEBUG mecsyco.artifact.coupling.centralized.breaker1.closed -- Link time update (0.01900000000000001)
[modelicaAgent] INFO mecsyco.artifact.interface.model.fmi.modelicaAgent -- do step from 0.01800000000000001 to 0.01900000000000001
[modelicaAgent] DEBUG mecsyco.artifact.coupling.centralized.Bus3.V -- Link time update (0.02000000000000001)
[modelicaAgent] DEBUG mecsyco.artifact.coupling.centralized.Bus4.V -- Link time update (0.02000000000000001)
[modelicaAgent] DEBUG mecsyco.artifact.coupling.centralized.Bus5.V -- Link time update (0.02000000000000001)
[modelicaAgent] DEBUG mecsyco.artifact.coupling.centralized.breaker1.closed -- Link time update (0.02000000000000001)
[modelicaAgent] INFO mecsyco.artifact.interface.model.fmi.modelicaAgent -- do step from 0.01900000000000001 to 0.02000000000000001
[modelicaAgent] DEBUG mecsyco.artifact.coupling.centralized.Bus3.V -- Link time update (0.02100000000000001)
[modelicaAgent] DEBUG mecsyco.artifact.coupling.centralized.Bus4.V -- Link time update (0.02100000000000001)
[modelicaAgent] DEBUG mecsyco.artifact.coupling.centralized.Bus5.V -- Link time update (0.02100000000000001)
[modelicaAgent] DEBUG mecsyco.artifact.coupling.centralized.breaker1.closed -- Link time update (0.02100000000000001)
[modelicaAgent] INFO mecsyco.artifact.interface.model.fmi.modelicaAgent -- do step from 0.02000000000000001 to 0.02100000000000001
[modelicaAgent] DEBUG mecsyco.artifact.coupling.centralized.Bus3.V -- Link time update (0.022000000000000013)
[modelicaAgent] DEBUG mecsyco.artifact.coupling.centralized.Bus4.V -- Link time update (0.022000000000000013)
[modelicaAgent] DEBUG mecsyco.artifact.coupling.centralized.Bus5.V -- Link time update (0.022000000000000013)
[modelicaAgent] DEBUG mecsyco.artifact.coupling.centralized.breaker1.closed -- Link time update (0.022000000000000013)
[modelicaAgent] INFO mecsyco.artifact.interface.model.fmi.modelicaAgent -- do step from 0.02100000000000001 to 0.022000000000000013
[modelicaAgent] DEBUG mecsyco.artifact.coupling.centralized.Bus3.V -- Link time update (0.023000000000000013)
[modelicaAgent] DEBUG mecsyco.artifact.coupling.centralized.Bus4.V -- Link time update (0.023000000000000013)
[modelicaAgent] DEBUG mecsyco.artifact.coupling.centralized.Bus5.V -- Link time update (0.023000000000000013)
[modelicaAgent] DEBUG mecsyco.artifact.coupling.centralized.breaker1.closed -- Link time update (0.023000000000000013)
[modelicaAgent] INFO mecsyco.artifact.interface.model.fmi.modelicaAgent -- do step from 0.022000000000000013 to 0.023000000000000013
[modelicaAgent] DEBUG mecsyco.artifact.coupling.centralized.Bus3.V -- Link time update (0.024000000000000014)
[modelicaAgent] DEBUG mecsyco.artifact.coupling.centralized.Bus4.V -- Link time update (0.024000000000000014)
[modelicaAgent] DEBUG mecsyco.artifact.coupling.centralized.Bus5.V -- Link time update (0.024000000000000014)
[modelicaAgent] DEBUG mecsyco.artifact.coupling.centralized.breaker1.closed -- Link time update (0.024000000000000014)
[modelicaAgent] INFO mecsyco.artifact.interface.model.fmi.modelicaAgent -- do step from 0.023000000000000013 to 0.024000000000000014
[modelicaAgent] DEBUG mecsyco.artifact.coupling.centralized.Bus3.V -- Link time update (0.025000000000000015)
[modelicaAgent] DEBUG mecsyco.artifact.coupling.centralized.Bus4.V -- Link time update (0.025000000000000015)
[modelicaAgent] DEBUG mecsyco.artifact.coupling.centralized.Bus5.V -- Link time update (0.025000000000000015)
[modelicaAgent] DEBUG mecsyco.artifact.coupling.centralized.breaker1.closed -- Link time update (0.025000000000000015)
[modelicaAgent] INFO mecsyco.artifact.interface.model.fmi.modelicaAgent -- do step from 0.024000000000000014 to 0.025000000000000015
[modelicaAgent] DEBUG mecsyco.artifact.coupling.centralized.Bus3.V -- Link time update (0.026000000000000016)
[modelicaAgent] DEBUG mecsyco.artifact.coupling.centralized.Bus4.V -- Link time update (0.026000000000000016)
[modelicaAgent] DEBUG mecsyco.artifact.coupling.centralized.Bus5.V -- Link time update (0.026000000000000016)
[modelicaAgent] DEBUG mecsyco.artifact.coupling.centralized.breaker1.closed -- Link time update (0.026000000000000016)
[modelicaAgent] INFO mecsyco.artifact.interface.model.fmi.modelicaAgent -- do step from 0.025000000000000015 to 0.026000000000000016
[modelicaAgent] DEBUG mecsyco.artifact.coupling.centralized.Bus3.V -- Link time update (0.027000000000000017)
[modelicaAgent] DEBUG mecsyco.artifact.coupling.centralized.Bus4.V -- Link time update (0.027000000000000017)
[modelicaAgent] DEBUG mecsyco.artifact.coupling.centralized.Bus5.V -- Link time update (0.027000000000000017)
[modelicaAgent] DEBUG mecsyco.artifact.coupling.centralized.breaker1.closed -- Link time update (0.027000000000000017)
[modelicaAgent] INFO mecsyco.artifact.interface.model.fmi.modelicaAgent -- do step from 0.026000000000000016 to 0.027000000000000017
[modelicaAgent] DEBUG mecsyco.artifact.coupling.centralized.Bus3.V -- Link time update (0.028000000000000018)
[modelicaAgent] DEBUG mecsyco.artifact.coupling.centralized.Bus4.V -- Link time update (0.028000000000000018)
[modelicaAgent] DEBUG mecsyco.artifact.coupling.centralized.Bus5.V -- Link time update (0.028000000000000018)
[modelicaAgent] DEBUG mecsyco.artifact.coupling.centralized.breaker1.closed -- Link time update (0.028000000000000018)
[modelicaAgent] INFO mecsyco.artifact.interface.model.fmi.modelicaAgent -- do step from 0.027000000000000017 to 0.028000000000000018
[modelicaAgent] DEBUG mecsyco.artifact.coupling.centralized.Bus3.V -- Link time update (0.02900000000000002)
[modelicaAgent] DEBUG mecsyco.artifact.coupling.centralized.Bus4.V -- Link time update (0.02900000000000002)
[modelicaAgent] DEBUG mecsyco.artifact.coupling.centralized.Bus5.V -- Link time update (0.02900000000000002)
[modelicaAgent] DEBUG mecsyco.artifact.coupling.centralized.breaker1.closed -- Link time update (0.02900000000000002)
[modelicaAgent] INFO mecsyco.artifact.interface.model.fmi.modelicaAgent -- do step from 0.028000000000000018 to 0.02900000000000002
[modelicaAgent] DEBUG mecsyco.artifact.coupling.centralized.Bus3.V -- Link time update (0.03000000000000002)
[modelicaAgent] DEBUG mecsyco.artifact.coupling.centralized.Bus4.V -- Link time update (0.03000000000000002)
[modelicaAgent] DEBUG mecsyco.artifact.coupling.centralized.Bus5.V -- Link time update (0.03000000000000002)
[modelicaAgent] DEBUG mecsyco.artifact.coupling.centralized.breaker1.closed -- Link time update (0.03000000000000002)
[modelicaAgent] INFO mecsyco.artifact.interface.model.fmi.modelicaAgent -- do step from 0.02900000000000002 to 0.03000000000000002
[modelicaAgent] DEBUG mecsyco.artifact.coupling.centralized.Bus3.V -- Link time update (0.03100000000000002)
[modelicaAgent] DEBUG mecsyco.artifact.coupling.centralized.Bus4.V -- Link time update (0.03100000000000002)
[modelicaAgent] DEBUG mecsyco.artifact.coupling.centralized.Bus5.V -- Link time update (0.03100000000000002)
[modelicaAgent] DEBUG mecsyco.artifact.coupling.centralized.breaker1.closed -- Link time update (0.03100000000000002)
[modelicaAgent] INFO mecsyco.artifact.interface.model.fmi.modelicaAgent -- do step from 0.03000000000000002 to 0.03100000000000002
[modelicaAgent] DEBUG mecsyco.artifact.coupling.centralized.Bus3.V -- Link time update (0.03200000000000002)
[modelicaAgent] DEBUG mecsyco.artifact.coupling.centralized.Bus4.V -- Link time update (0.03200000000000002)
[modelicaAgent] DEBUG mecsyco.artifact.coupling.centralized.Bus5.V -- Link time update (0.03200000000000002)
[modelicaAgent] DEBUG mecsyco.artifact.coupling.centralized.breaker1.closed -- Link time update (0.03200000000000002)
[modelicaAgent] INFO mecsyco.artifact.interface.model.fmi.modelicaAgent -- do step from 0.03100000000000002 to 0.03200000000000002
[modelicaAgent] DEBUG mecsyco.artifact.coupling.centralized.Bus3.V -- Link time update (0.03300000000000002)
[modelicaAgent] DEBUG mecsyco.artifact.coupling.centralized.Bus4.V -- Link time update (0.03300000000000002)
[modelicaAgent] DEBUG mecsyco.artifact.coupling.centralized.Bus5.V -- Link time update (0.03300000000000002)
[modelicaAgent] DEBUG mecsyco.artifact.coupling.centralized.breaker1.closed -- Link time update (0.03300000000000002)
[modelicaAgent] INFO mecsyco.artifact.interface.model.fmi.modelicaAgent -- do step from 0.03200000000000002 to 0.03300000000000002
[modelicaAgent] DEBUG mecsyco.artifact.coupling.centralized.Bus3.V -- Link time update (0.03400000000000002)
[modelicaAgent] DEBUG mecsyco.artifact.coupling.centralized.Bus4.V -- Link time update (0.03400000000000002)
[modelicaAgent] DEBUG mecsyco.artifact.coupling.centralized.Bus5.V -- Link time update (0.03400000000000002)
[modelicaAgent] DEBUG mecsyco.artifact.coupling.centralized.breaker1.closed -- Link time update (0.03400000000000002)
[modelicaAgent] INFO mecsyco.artifact.interface.model.fmi.modelicaAgent -- do step from 0.03300000000000002 to 0.03400000000000002
[modelicaAgent] DEBUG mecsyco.artifact.coupling.centralized.Bus3.V -- Link time update (0.035000000000000024)
[modelicaAgent] DEBUG mecsyco.artifact.coupling.centralized.Bus4.V -- Link time update (0.035000000000000024)
[modelicaAgent] DEBUG mecsyco.artifact.coupling.centralized.Bus5.V -- Link time update (0.035000000000000024)
[modelicaAgent] DEBUG mecsyco.artifact.coupling.centralized.breaker1.closed -- Link time update (0.035000000000000024)
[modelicaAgent] INFO mecsyco.artifact.interface.model.fmi.modelicaAgent -- do step from 0.03400000000000002 to 0.035000000000000024
[modelicaAgent] DEBUG mecsyco.artifact.coupling.centralized.Bus3.V -- Link time update (0.036000000000000025)
[modelicaAgent] DEBUG mecsyco.artifact.coupling.centralized.Bus4.V -- Link time update (0.036000000000000025)
[modelicaAgent] DEBUG mecsyco.artifact.coupling.centralized.Bus5.V -- Link time update (0.036000000000000025)
[modelicaAgent] DEBUG mecsyco.artifact.coupling.centralized.breaker1.closed -- Link time update (0.036000000000000025)
[modelicaAgent] INFO mecsyco.artifact.interface.model.fmi.modelicaAgent -- do step from 0.035000000000000024 to 0.036000000000000025
[modelicaAgent] DEBUG mecsyco.artifact.coupling.centralized.Bus3.V -- Link time update (0.037000000000000026)
[modelicaAgent] DEBUG mecsyco.artifact.coupling.centralized.Bus4.V -- Link time update (0.037000000000000026)
[modelicaAgent] DEBUG mecsyco.artifact.coupling.centralized.Bus5.V -- Link time update (0.037000000000000026)
[modelicaAgent] DEBUG mecsyco.artifact.coupling.centralized.breaker1.closed -- Link time update (0.037000000000000026)
[modelicaAgent] INFO mecsyco.artifact.interface.model.fmi.modelicaAgent -- do step from 0.036000000000000025 to 0.037000000000000026
[modelicaAgent] DEBUG mecsyco.artifact.coupling.centralized.Bus3.V -- Link time update (0.03800000000000003)
[modelicaAgent] DEBUG mecsyco.artifact.coupling.centralized.Bus4.V -- Link time update (0.03800000000000003)
[modelicaAgent] DEBUG mecsyco.artifact.coupling.centralized.Bus5.V -- Link time update (0.03800000000000003)
[modelicaAgent] DEBUG mecsyco.artifact.coupling.centralized.breaker1.closed -- Link time update (0.03800000000000003)
[modelicaAgent] INFO mecsyco.artifact.interface.model.fmi.modelicaAgent -- do step from 0.037000000000000026 to 0.03800000000000003
[modelicaAgent] DEBUG mecsyco.artifact.coupling.centralized.Bus3.V -- Link time update (0.03900000000000003)
[modelicaAgent] DEBUG mecsyco.artifact.coupling.centralized.Bus4.V -- Link time update (0.03900000000000003)
[modelicaAgent] DEBUG mecsyco.artifact.coupling.centralized.Bus5.V -- Link time update (0.03900000000000003)
[modelicaAgent] DEBUG mecsyco.artifact.coupling.centralized.breaker1.closed -- Link time update (0.03900000000000003)
[modelicaAgent] INFO mecsyco.artifact.interface.model.fmi.modelicaAgent -- do step from 0.03800000000000003 to 0.03900000000000003
[modelicaAgent] DEBUG mecsyco.artifact.coupling.centralized.Bus3.V -- Link time update (0.04000000000000003)
[modelicaAgent] DEBUG mecsyco.artifact.coupling.centralized.Bus4.V -- Link time update (0.04000000000000003)
[modelicaAgent] DEBUG mecsyco.artifact.coupling.centralized.Bus5.V -- Link time update (0.04000000000000003)
[modelicaAgent] DEBUG mecsyco.artifact.coupling.centralized.breaker1.closed -- Link time update (0.04000000000000003)
[modelicaAgent] INFO mecsyco.artifact.interface.model.fmi.modelicaAgent -- do step from 0.03900000000000003 to 0.04000000000000003
[modelicaAgent] DEBUG mecsyco.artifact.coupling.centralized.Bus3.V -- Link time update (0.04100000000000003)
[modelicaAgent] DEBUG mecsyco.artifact.coupling.centralized.Bus4.V -- Link time update (0.04100000000000003)
[modelicaAgent] DEBUG mecsyco.artifact.coupling.centralized.Bus5.V -- Link time update (0.04100000000000003)
[modelicaAgent] DEBUG mecsyco.artifact.coupling.centralized.breaker1.closed -- Link time update (0.04100000000000003)
[modelicaAgent] INFO mecsyco.artifact.interface.model.fmi.modelicaAgent -- do step from 0.04000000000000003 to 0.04100000000000003
[modelicaAgent] DEBUG mecsyco.artifact.coupling.centralized.Bus3.V -- Link time update (0.04200000000000003)
[modelicaAgent] DEBUG mecsyco.artifact.coupling.centralized.Bus4.V -- Link time update (0.04200000000000003)
[modelicaAgent] DEBUG mecsyco.artifact.coupling.centralized.Bus5.V -- Link time update (0.04200000000000003)
[modelicaAgent] DEBUG mecsyco.artifact.coupling.centralized.breaker1.closed -- Link time update (0.04200000000000003)
[modelicaAgent] INFO mecsyco.artifact.interface.model.fmi.modelicaAgent -- do step from 0.04100000000000003 to 0.04200000000000003
[modelicaAgent] DEBUG mecsyco.artifact.coupling.centralized.Bus3.V -- Link time update (0.04300000000000003)
[modelicaAgent] DEBUG mecsyco.artifact.coupling.centralized.Bus4.V -- Link time update (0.04300000000000003)
[modelicaAgent] DEBUG mecsyco.artifact.coupling.centralized.Bus5.V -- Link time update (0.04300000000000003)
[modelicaAgent] DEBUG mecsyco.artifact.coupling.centralized.breaker1.closed -- Link time update (0.04300000000000003)
[modelicaAgent] INFO mecsyco.artifact.interface.model.fmi.modelicaAgent -- do step from 0.04200000000000003 to 0.04300000000000003
[modelicaAgent] DEBUG mecsyco.artifact.coupling.centralized.Bus3.V -- Link time update (0.04400000000000003)
[modelicaAgent] DEBUG mecsyco.artifact.coupling.centralized.Bus4.V -- Link time update (0.04400000000000003)
[modelicaAgent] DEBUG mecsyco.artifact.coupling.centralized.Bus5.V -- Link time update (0.04400000000000003)
[modelicaAgent] DEBUG mecsyco.artifact.coupling.centralized.breaker1.closed -- Link time update (0.04400000000000003)
[modelicaAgent] INFO mecsyco.artifact.interface.model.fmi.modelicaAgent -- do step from 0.04300000000000003 to 0.04400000000000003
[modelicaAgent] DEBUG mecsyco.artifact.coupling.centralized.Bus3.V -- Link time update (0.04500000000000003)
[modelicaAgent] DEBUG mecsyco.artifact.coupling.centralized.Bus4.V -- Link time update (0.04500000000000003)
[modelicaAgent] DEBUG mecsyco.artifact.coupling.centralized.Bus5.V -- Link time update (0.04500000000000003)
[modelicaAgent] DEBUG mecsyco.artifact.coupling.centralized.breaker1.closed -- Link time update (0.04500000000000003)
[modelicaAgent] INFO mecsyco.artifact.interface.model.fmi.modelicaAgent -- do step from 0.04400000000000003 to 0.04500000000000003
[modelicaAgent] DEBUG mecsyco.artifact.coupling.centralized.Bus3.V -- Link time update (0.046000000000000034)
[modelicaAgent] DEBUG mecsyco.artifact.coupling.centralized.Bus4.V -- Link time update (0.046000000000000034)
[modelicaAgent] DEBUG mecsyco.artifact.coupling.centralized.Bus5.V -- Link time update (0.046000000000000034)
[modelicaAgent] DEBUG mecsyco.artifact.coupling.centralized.breaker1.closed -- Link time update (0.046000000000000034)
[modelicaAgent] INFO mecsyco.artifact.interface.model.fmi.modelicaAgent -- do step from 0.04500000000000003 to 0.046000000000000034
[modelicaAgent] DEBUG mecsyco.artifact.coupling.centralized.Bus3.V -- Link time update (0.047000000000000035)
[modelicaAgent] DEBUG mecsyco.artifact.coupling.centralized.Bus4.V -- Link time update (0.047000000000000035)
[modelicaAgent] DEBUG mecsyco.artifact.coupling.centralized.Bus5.V -- Link time update (0.047000000000000035)
[modelicaAgent] DEBUG mecsyco.artifact.coupling.centralized.breaker1.closed -- Link time update (0.047000000000000035)
[modelicaAgent] INFO mecsyco.artifact.interface.model.fmi.modelicaAgent -- do step from 0.046000000000000034 to 0.047000000000000035
[modelicaAgent] DEBUG mecsyco.artifact.coupling.centralized.Bus3.V -- Link time update (0.048000000000000036)
[modelicaAgent] DEBUG mecsyco.artifact.coupling.centralized.Bus4.V -- Link time update (0.048000000000000036)
[modelicaAgent] DEBUG mecsyco.artifact.coupling.centralized.Bus5.V -- Link time update (0.048000000000000036)
[modelicaAgent] DEBUG mecsyco.artifact.coupling.centralized.breaker1.closed -- Link time update (0.048000000000000036)
[modelicaAgent] INFO mecsyco.artifact.interface.model.fmi.modelicaAgent -- do step from 0.047000000000000035 to 0.048000000000000036
[modelicaAgent] DEBUG mecsyco.artifact.coupling.centralized.Bus3.V -- Link time update (0.04900000000000004)
[modelicaAgent] DEBUG mecsyco.artifact.coupling.centralized.Bus4.V -- Link time update (0.04900000000000004)
[modelicaAgent] DEBUG mecsyco.artifact.coupling.centralized.Bus5.V -- Link time update (0.04900000000000004)
[modelicaAgent] DEBUG mecsyco.artifact.coupling.centralized.breaker1.closed -- Link time update (0.04900000000000004)
[modelicaAgent] INFO mecsyco.artifact.interface.model.fmi.modelicaAgent -- do step from 0.048000000000000036 to 0.04900000000000004
[modelicaAgent] DEBUG mecsyco.artifact.coupling.centralized.Bus3.V -- Link time update (0.05000000000000004)
[modelicaAgent] DEBUG mecsyco.artifact.coupling.centralized.Bus4.V -- Link time update (0.05000000000000004)
[modelicaAgent] DEBUG mecsyco.artifact.coupling.centralized.Bus5.V -- Link time update (0.05000000000000004)
[modelicaAgent] DEBUG mecsyco.artifact.coupling.centralized.breaker1.closed -- Link time update (0.05000000000000004)
[modelicaAgent] INFO mecsyco.artifact.interface.model.fmi.modelicaAgent -- do step from 0.04900000000000004 to 0.05000000000000004
[modelicaAgent] DEBUG mecsyco.artifact.coupling.centralized.Bus3.V -- Link time update (0.05100000000000004)
[modelicaAgent] DEBUG mecsyco.artifact.coupling.centralized.Bus4.V -- Link time update (0.05100000000000004)
[modelicaAgent] DEBUG mecsyco.artifact.coupling.centralized.Bus5.V -- Link time update (0.05100000000000004)
[modelicaAgent] DEBUG mecsyco.artifact.coupling.centralized.breaker1.closed -- Link time update (0.05100000000000004)
[modelicaAgent] INFO mecsyco.artifact.interface.model.fmi.modelicaAgent -- do step from 0.05000000000000004 to 0.05100000000000004
[modelicaAgent] DEBUG mecsyco.artifact.coupling.centralized.Bus3.V -- Link time update (0.05200000000000004)
[modelicaAgent] DEBUG mecsyco.artifact.coupling.centralized.Bus4.V -- Link time update (0.05200000000000004)
[modelicaAgent] DEBUG mecsyco.artifact.coupling.centralized.Bus5.V -- Link time update (0.05200000000000004)
[modelicaAgent] DEBUG mecsyco.artifact.coupling.centralized.breaker1.closed -- Link time update (0.05200000000000004)
[modelicaAgent] INFO mecsyco.artifact.interface.model.fmi.modelicaAgent -- do step from 0.05100000000000004 to 0.05200000000000004
[modelicaAgent] DEBUG mecsyco.artifact.coupling.centralized.Bus3.V -- Link time update (0.05300000000000004)
[modelicaAgent] DEBUG mecsyco.artifact.coupling.centralized.Bus4.V -- Link time update (0.05300000000000004)
[modelicaAgent] DEBUG mecsyco.artifact.coupling.centralized.Bus5.V -- Link time update (0.05300000000000004)
[modelicaAgent] DEBUG mecsyco.artifact.coupling.centralized.breaker1.closed -- Link time update (0.05300000000000004)
[modelicaAgent] INFO mecsyco.artifact.interface.model.fmi.modelicaAgent -- do step from 0.05200000000000004 to 0.05300000000000004
[modelicaAgent] DEBUG mecsyco.artifact.coupling.centralized.Bus3.V -- Link time update (0.05400000000000004)
[modelicaAgent] DEBUG mecsyco.artifact.coupling.centralized.Bus4.V -- Link time update (0.05400000000000004)
[modelicaAgent] DEBUG mecsyco.artifact.coupling.centralized.Bus5.V -- Link time update (0.05400000000000004)
[modelicaAgent] DEBUG mecsyco.artifact.coupling.centralized.breaker1.closed -- Link time update (0.05400000000000004)
[modelicaAgent] INFO mecsyco.artifact.interface.model.fmi.modelicaAgent -- do step from 0.05300000000000004 to 0.05400000000000004
[modelicaAgent] DEBUG mecsyco.artifact.coupling.centralized.Bus3.V -- Link time update (0.05500000000000004)
[modelicaAgent] DEBUG mecsyco.artifact.coupling.centralized.Bus4.V -- Link time update (0.05500000000000004)
[modelicaAgent] DEBUG mecsyco.artifact.coupling.centralized.Bus5.V -- Link time update (0.05500000000000004)
[modelicaAgent] DEBUG mecsyco.artifact.coupling.centralized.breaker1.closed -- Link time update (0.05500000000000004)
[modelicaAgent] INFO mecsyco.artifact.interface.model.fmi.modelicaAgent -- do step from 0.05400000000000004 to 0.05500000000000004
[modelicaAgent] DEBUG mecsyco.artifact.coupling.centralized.Bus3.V -- Link time update (0.05600000000000004)
[modelicaAgent] DEBUG mecsyco.artifact.coupling.centralized.Bus4.V -- Link time update (0.05600000000000004)
[modelicaAgent] DEBUG mecsyco.artifact.coupling.centralized.Bus5.V -- Link time update (0.05600000000000004)
[modelicaAgent] DEBUG mecsyco.artifact.coupling.centralized.breaker1.closed -- Link time update (0.05600000000000004)
[modelicaAgent] INFO mecsyco.artifact.interface.model.fmi.modelicaAgent -- do step from 0.05500000000000004 to 0.05600000000000004
[modelicaAgent] DEBUG mecsyco.artifact.coupling.centralized.Bus3.V -- Link time update (0.057000000000000044)
[modelicaAgent] DEBUG mecsyco.artifact.coupling.centralized.Bus4.V -- Link time update (0.057000000000000044)
[modelicaAgent] DEBUG mecsyco.artifact.coupling.centralized.Bus5.V -- Link time update (0.057000000000000044)
[modelicaAgent] DEBUG mecsyco.artifact.coupling.centralized.breaker1.closed -- Link time update (0.057000000000000044)
[modelicaAgent] INFO mecsyco.artifact.interface.model.fmi.modelicaAgent -- do step from 0.05600000000000004 to 0.057000000000000044
[modelicaAgent] DEBUG mecsyco.artifact.coupling.centralized.Bus3.V -- Link time update (0.058000000000000045)
[modelicaAgent] DEBUG mecsyco.artifact.coupling.centralized.Bus4.V -- Link time update (0.058000000000000045)
[modelicaAgent] DEBUG mecsyco.artifact.coupling.centralized.Bus5.V -- Link time update (0.058000000000000045)
[modelicaAgent] DEBUG mecsyco.artifact.coupling.centralized.breaker1.closed -- Link time update (0.058000000000000045)
[modelicaAgent] INFO mecsyco.artifact.interface.model.fmi.modelicaAgent -- do step from 0.057000000000000044 to 0.058000000000000045
[modelicaAgent] DEBUG mecsyco.artifact.coupling.centralized.Bus3.V -- Link time update (0.059000000000000045)
[modelicaAgent] DEBUG mecsyco.artifact.coupling.centralized.Bus4.V -- Link time update (0.059000000000000045)
[modelicaAgent] DEBUG mecsyco.artifact.coupling.centralized.Bus5.V -- Link time update (0.059000000000000045)
[modelicaAgent] DEBUG mecsyco.artifact.coupling.centralized.breaker1.closed -- Link time update (0.059000000000000045)
[modelicaAgent] INFO mecsyco.artifact.interface.model.fmi.modelicaAgent -- do step from 0.058000000000000045 to 0.059000000000000045
[modelicaAgent] DEBUG mecsyco.artifact.coupling.centralized.Bus3.V -- Link time update (0.060000000000000046)
[modelicaAgent] DEBUG mecsyco.artifact.coupling.centralized.Bus4.V -- Link time update (0.060000000000000046)
[modelicaAgent] DEBUG mecsyco.artifact.coupling.centralized.Bus5.V -- Link time update (0.060000000000000046)
[modelicaAgent] DEBUG mecsyco.artifact.coupling.centralized.breaker1.closed -- Link time update (0.060000000000000046)
[modelicaAgent] INFO mecsyco.artifact.interface.model.fmi.modelicaAgent -- do step from 0.059000000000000045 to 0.060000000000000046
[modelicaAgent] DEBUG mecsyco.artifact.coupling.centralized.Bus3.V -- Link time update (0.06100000000000005)
[modelicaAgent] DEBUG mecsyco.artifact.coupling.centralized.Bus4.V -- Link time update (0.06100000000000005)
[modelicaAgent] DEBUG mecsyco.artifact.coupling.centralized.Bus5.V -- Link time update (0.06100000000000005)
[modelicaAgent] DEBUG mecsyco.artifact.coupling.centralized.breaker1.closed -- Link time update (0.06100000000000005)
[modelicaAgent] INFO mecsyco.artifact.interface.model.fmi.modelicaAgent -- do step from 0.060000000000000046 to 0.06100000000000005
[modelicaAgent] DEBUG mecsyco.artifact.coupling.centralized.Bus3.V -- Link time update (0.06200000000000005)
[modelicaAgent] DEBUG mecsyco.artifact.coupling.centralized.Bus4.V -- Link time update (0.06200000000000005)
[modelicaAgent] DEBUG mecsyco.artifact.coupling.centralized.Bus5.V -- Link time update (0.06200000000000005)
[modelicaAgent] DEBUG mecsyco.artifact.coupling.centralized.breaker1.closed -- Link time update (0.06200000000000005)
[modelicaAgent] INFO mecsyco.artifact.interface.model.fmi.modelicaAgent -- do step from 0.06100000000000005 to 0.06200000000000005
[modelicaAgent] DEBUG mecsyco.artifact.coupling.centralized.Bus3.V -- Link time update (0.06300000000000004)
[modelicaAgent] DEBUG mecsyco.artifact.coupling.centralized.Bus4.V -- Link time update (0.06300000000000004)
[modelicaAgent] DEBUG mecsyco.artifact.coupling.centralized.Bus5.V -- Link time update (0.06300000000000004)
[modelicaAgent] DEBUG mecsyco.artifact.coupling.centralized.breaker1.closed -- Link time update (0.06300000000000004)
[modelicaAgent] INFO mecsyco.artifact.interface.model.fmi.modelicaAgent -- do step from 0.06200000000000005 to 0.06300000000000004
[modelicaAgent] DEBUG mecsyco.artifact.coupling.centralized.Bus3.V -- Link time update (0.06400000000000004)
[modelicaAgent] DEBUG mecsyco.artifact.coupling.centralized.Bus4.V -- Link time update (0.06400000000000004)
[modelicaAgent] DEBUG mecsyco.artifact.coupling.centralized.Bus5.V -- Link time update (0.06400000000000004)
[modelicaAgent] DEBUG mecsyco.artifact.coupling.centralized.breaker1.closed -- Link time update (0.06400000000000004)
[modelicaAgent] INFO mecsyco.artifact.interface.model.fmi.modelicaAgent -- do step from 0.06300000000000004 to 0.06400000000000004
[modelicaAgent] DEBUG mecsyco.artifact.coupling.centralized.Bus3.V -- Link time update (0.06500000000000004)
[modelicaAgent] DEBUG mecsyco.artifact.coupling.centralized.Bus4.V -- Link time update (0.06500000000000004)
[modelicaAgent] DEBUG mecsyco.artifact.coupling.centralized.Bus5.V -- Link time update (0.06500000000000004)
[modelicaAgent] DEBUG mecsyco.artifact.coupling.centralized.breaker1.closed -- Link time update (0.06500000000000004)
[modelicaAgent] INFO mecsyco.artifact.interface.model.fmi.modelicaAgent -- do step from 0.06400000000000004 to 0.06500000000000004
[modelicaAgent] DEBUG mecsyco.artifact.coupling.centralized.Bus3.V -- Link time update (0.06600000000000004)
[modelicaAgent] DEBUG mecsyco.artifact.coupling.centralized.Bus4.V -- Link time update (0.06600000000000004)
[modelicaAgent] DEBUG mecsyco.artifact.coupling.centralized.Bus5.V -- Link time update (0.06600000000000004)
[modelicaAgent] DEBUG mecsyco.artifact.coupling.centralized.breaker1.closed -- Link time update (0.06600000000000004)
[modelicaAgent] INFO mecsyco.artifact.interface.model.fmi.modelicaAgent -- do step from 0.06500000000000004 to 0.06600000000000004
[modelicaAgent] DEBUG mecsyco.artifact.coupling.centralized.Bus3.V -- Link time update (0.06700000000000005)
[modelicaAgent] DEBUG mecsyco.artifact.coupling.centralized.Bus4.V -- Link time update (0.06700000000000005)
[modelicaAgent] DEBUG mecsyco.artifact.coupling.centralized.Bus5.V -- Link time update (0.06700000000000005)
[modelicaAgent] DEBUG mecsyco.artifact.coupling.centralized.breaker1.closed -- Link time update (0.06700000000000005)
[modelicaAgent] INFO mecsyco.artifact.interface.model.fmi.modelicaAgent -- do step from 0.06600000000000004 to 0.06700000000000005
[modelicaAgent] DEBUG mecsyco.artifact.coupling.centralized.Bus3.V -- Link time update (0.06800000000000005)
[modelicaAgent] DEBUG mecsyco.artifact.coupling.centralized.Bus4.V -- Link time update (0.06800000000000005)
[modelicaAgent] DEBUG mecsyco.artifact.coupling.centralized.Bus5.V -- Link time update (0.06800000000000005)
[modelicaAgent] DEBUG mecsyco.artifact.coupling.centralized.breaker1.closed -- Link time update (0.06800000000000005)
[modelicaAgent] INFO mecsyco.artifact.interface.model.fmi.modelicaAgent -- do step from 0.06700000000000005 to 0.06800000000000005
[modelicaAgent] DEBUG mecsyco.artifact.coupling.centralized.Bus3.V -- Link time update (0.06900000000000005)
[modelicaAgent] DEBUG mecsyco.artifact.coupling.centralized.Bus4.V -- Link time update (0.06900000000000005)
[modelicaAgent] DEBUG mecsyco.artifact.coupling.centralized.Bus5.V -- Link time update (0.06900000000000005)
[modelicaAgent] DEBUG mecsyco.artifact.coupling.centralized.breaker1.closed -- Link time update (0.06900000000000005)
[modelicaAgent] INFO mecsyco.artifact.interface.model.fmi.modelicaAgent -- do step from 0.06800000000000005 to 0.06900000000000005
[modelicaAgent] DEBUG mecsyco.artifact.coupling.centralized.Bus3.V -- Link time update (0.07000000000000005)
[modelicaAgent] DEBUG mecsyco.artifact.coupling.centralized.Bus4.V -- Link time update (0.07000000000000005)
[modelicaAgent] DEBUG mecsyco.artifact.coupling.centralized.Bus5.V -- Link time update (0.07000000000000005)
[modelicaAgent] DEBUG mecsyco.artifact.coupling.centralized.breaker1.closed -- Link time update (0.07000000000000005)
[modelicaAgent] INFO mecsyco.artifact.interface.model.fmi.modelicaAgent -- do step from 0.06900000000000005 to 0.07000000000000005
[modelicaAgent] DEBUG mecsyco.artifact.coupling.centralized.Bus3.V -- Link time update (0.07100000000000005)
[modelicaAgent] DEBUG mecsyco.artifact.coupling.centralized.Bus4.V -- Link time update (0.07100000000000005)
[modelicaAgent] DEBUG mecsyco.artifact.coupling.centralized.Bus5.V -- Link time update (0.07100000000000005)
[modelicaAgent] DEBUG mecsyco.artifact.coupling.centralized.breaker1.closed -- Link time update (0.07100000000000005)
[modelicaAgent] INFO mecsyco.artifact.interface.model.fmi.modelicaAgent -- do step from 0.07000000000000005 to 0.07100000000000005
[modelicaAgent] DEBUG mecsyco.artifact.coupling.centralized.Bus3.V -- Link time update (0.07200000000000005)
[modelicaAgent] DEBUG mecsyco.artifact.coupling.centralized.Bus4.V -- Link time update (0.07200000000000005)
[modelicaAgent] DEBUG mecsyco.artifact.coupling.centralized.Bus5.V -- Link time update (0.07200000000000005)
[modelicaAgent] DEBUG mecsyco.artifact.coupling.centralized.breaker1.closed -- Link time update (0.07200000000000005)
[modelicaAgent] INFO mecsyco.artifact.interface.model.fmi.modelicaAgent -- do step from 0.07100000000000005 to 0.07200000000000005
[modelicaAgent] DEBUG mecsyco.artifact.coupling.centralized.Bus3.V -- Link time update (0.07300000000000005)
[modelicaAgent] DEBUG mecsyco.artifact.coupling.centralized.Bus4.V -- Link time update (0.07300000000000005)
[modelicaAgent] DEBUG mecsyco.artifact.coupling.centralized.Bus5.V -- Link time update (0.07300000000000005)
[modelicaAgent] DEBUG mecsyco.artifact.coupling.centralized.breaker1.closed -- Link time update (0.07300000000000005)
[modelicaAgent] INFO mecsyco.artifact.interface.model.fmi.modelicaAgent -- do step from 0.07200000000000005 to 0.07300000000000005
[modelicaAgent] DEBUG mecsyco.artifact.coupling.centralized.Bus3.V -- Link time update (0.07400000000000005)
[modelicaAgent] DEBUG mecsyco.artifact.coupling.centralized.Bus4.V -- Link time update (0.07400000000000005)
[modelicaAgent] DEBUG mecsyco.artifact.coupling.centralized.Bus5.V -- Link time update (0.07400000000000005)
[modelicaAgent] DEBUG mecsyco.artifact.coupling.centralized.breaker1.closed -- Link time update (0.07400000000000005)
[modelicaAgent] INFO mecsyco.artifact.interface.model.fmi.modelicaAgent -- do step from 0.07300000000000005 to 0.07400000000000005
[modelicaAgent] DEBUG mecsyco.artifact.coupling.centralized.Bus3.V -- Link time update (0.07500000000000005)
[modelicaAgent] DEBUG mecsyco.artifact.coupling.centralized.Bus4.V -- Link time update (0.07500000000000005)
[modelicaAgent] DEBUG mecsyco.artifact.coupling.centralized.Bus5.V -- Link time update (0.07500000000000005)
[modelicaAgent] DEBUG mecsyco.artifact.coupling.centralized.breaker1.closed -- Link time update (0.07500000000000005)
[modelicaAgent] INFO mecsyco.artifact.interface.model.fmi.modelicaAgent -- do step from 0.07400000000000005 to 0.07500000000000005
[modelicaAgent] DEBUG mecsyco.artifact.coupling.centralized.Bus3.V -- Link time update (0.07600000000000005)
[modelicaAgent] DEBUG mecsyco.artifact.coupling.centralized.Bus4.V -- Link time update (0.07600000000000005)
[modelicaAgent] DEBUG mecsyco.artifact.coupling.centralized.Bus5.V -- Link time update (0.07600000000000005)
[modelicaAgent] DEBUG mecsyco.artifact.coupling.centralized.breaker1.closed -- Link time update (0.07600000000000005)
[modelicaAgent] INFO mecsyco.artifact.interface.model.fmi.modelicaAgent -- do step from 0.07500000000000005 to 0.07600000000000005
[modelicaAgent] DEBUG mecsyco.artifact.coupling.centralized.Bus3.V -- Link time update (0.07700000000000005)
[modelicaAgent] DEBUG mecsyco.artifact.coupling.centralized.Bus4.V -- Link time update (0.07700000000000005)
[modelicaAgent] DEBUG mecsyco.artifact.coupling.centralized.Bus5.V -- Link time update (0.07700000000000005)
[modelicaAgent] DEBUG mecsyco.artifact.coupling.centralized.breaker1.closed -- Link time update (0.07700000000000005)
[modelicaAgent] INFO mecsyco.artifact.interface.model.fmi.modelicaAgent -- do step from 0.07600000000000005 to 0.07700000000000005
[modelicaAgent] DEBUG mecsyco.artifact.coupling.centralized.Bus3.V -- Link time update (0.07800000000000006)
[modelicaAgent] DEBUG mecsyco.artifact.coupling.centralized.Bus4.V -- Link time update (0.07800000000000006)
[modelicaAgent] DEBUG mecsyco.artifact.coupling.centralized.Bus5.V -- Link time update (0.07800000000000006)
[modelicaAgent] DEBUG mecsyco.artifact.coupling.centralized.breaker1.closed -- Link time update (0.07800000000000006)
[modelicaAgent] INFO mecsyco.artifact.interface.model.fmi.modelicaAgent -- do step from 0.07700000000000005 to 0.07800000000000006
[modelicaAgent] DEBUG mecsyco.artifact.coupling.centralized.Bus3.V -- Link time update (0.07900000000000006)
[modelicaAgent] DEBUG mecsyco.artifact.coupling.centralized.Bus4.V -- Link time update (0.07900000000000006)
[modelicaAgent] DEBUG mecsyco.artifact.coupling.centralized.Bus5.V -- Link time update (0.07900000000000006)
[modelicaAgent] DEBUG mecsyco.artifact.coupling.centralized.breaker1.closed -- Link time update (0.07900000000000006)
[modelicaAgent] INFO mecsyco.artifact.interface.model.fmi.modelicaAgent -- do step from 0.07800000000000006 to 0.07900000000000006
[modelicaAgent] DEBUG mecsyco.artifact.coupling.centralized.Bus3.V -- Link time update (0.08000000000000006)
[modelicaAgent] DEBUG mecsyco.artifact.coupling.centralized.Bus4.V -- Link time update (0.08000000000000006)
[modelicaAgent] DEBUG mecsyco.artifact.coupling.centralized.Bus5.V -- Link time update (0.08000000000000006)
[modelicaAgent] DEBUG mecsyco.artifact.coupling.centralized.breaker1.closed -- Link time update (0.08000000000000006)
[modelicaAgent] INFO mecsyco.artifact.interface.model.fmi.modelicaAgent -- do step from 0.07900000000000006 to 0.08000000000000006
[modelicaAgent] DEBUG mecsyco.artifact.coupling.centralized.Bus3.V -- Link time update (0.08100000000000006)
[modelicaAgent] DEBUG mecsyco.artifact.coupling.centralized.Bus4.V -- Link time update (0.08100000000000006)
[modelicaAgent] DEBUG mecsyco.artifact.coupling.centralized.Bus5.V -- Link time update (0.08100000000000006)
[modelicaAgent] DEBUG mecsyco.artifact.coupling.centralized.breaker1.closed -- Link time update (0.08100000000000006)
[modelicaAgent] INFO mecsyco.artifact.interface.model.fmi.modelicaAgent -- do step from 0.08000000000000006 to 0.08100000000000006
[modelicaAgent] DEBUG mecsyco.artifact.coupling.centralized.Bus3.V -- Link time update (0.08200000000000006)
[modelicaAgent] DEBUG mecsyco.artifact.coupling.centralized.Bus4.V -- Link time update (0.08200000000000006)
[modelicaAgent] DEBUG mecsyco.artifact.coupling.centralized.Bus5.V -- Link time update (0.08200000000000006)
[modelicaAgent] DEBUG mecsyco.artifact.coupling.centralized.breaker1.closed -- Link time update (0.08200000000000006)
[modelicaAgent] INFO mecsyco.artifact.interface.model.fmi.modelicaAgent -- do step from 0.08100000000000006 to 0.08200000000000006
[modelicaAgent] DEBUG mecsyco.artifact.coupling.centralized.Bus3.V -- Link time update (0.08300000000000006)
[modelicaAgent] DEBUG mecsyco.artifact.coupling.centralized.Bus4.V -- Link time update (0.08300000000000006)
[modelicaAgent] DEBUG mecsyco.artifact.coupling.centralized.Bus5.V -- Link time update (0.08300000000000006)
[modelicaAgent] DEBUG mecsyco.artifact.coupling.centralized.breaker1.closed -- Link time update (0.08300000000000006)
[modelicaAgent] INFO mecsyco.artifact.interface.model.fmi.modelicaAgent -- do step from 0.08200000000000006 to 0.08300000000000006
[modelicaAgent] DEBUG mecsyco.artifact.coupling.centralized.Bus3.V -- Link time update (0.08400000000000006)
[modelicaAgent] DEBUG mecsyco.artifact.coupling.centralized.Bus4.V -- Link time update (0.08400000000000006)
[modelicaAgent] DEBUG mecsyco.artifact.coupling.centralized.Bus5.V -- Link time update (0.08400000000000006)
[modelicaAgent] DEBUG mecsyco.artifact.coupling.centralized.breaker1.closed -- Link time update (0.08400000000000006)
[modelicaAgent] INFO mecsyco.artifact.interface.model.fmi.modelicaAgent -- do step from 0.08300000000000006 to 0.08400000000000006
[modelicaAgent] DEBUG mecsyco.artifact.coupling.centralized.Bus3.V -- Link time update (0.08500000000000006)
[modelicaAgent] DEBUG mecsyco.artifact.coupling.centralized.Bus4.V -- Link time update (0.08500000000000006)
[modelicaAgent] DEBUG mecsyco.artifact.coupling.centralized.Bus5.V -- Link time update (0.08500000000000006)
[modelicaAgent] DEBUG mecsyco.artifact.coupling.centralized.breaker1.closed -- Link time update (0.08500000000000006)
[modelicaAgent] INFO mecsyco.artifact.interface.model.fmi.modelicaAgent -- do step from 0.08400000000000006 to 0.08500000000000006
[modelicaAgent] DEBUG mecsyco.artifact.coupling.centralized.Bus3.V -- Link time update (0.08600000000000006)
[modelicaAgent] DEBUG mecsyco.artifact.coupling.centralized.Bus4.V -- Link time update (0.08600000000000006)
[modelicaAgent] DEBUG mecsyco.artifact.coupling.centralized.Bus5.V -- Link time update (0.08600000000000006)
[modelicaAgent] DEBUG mecsyco.artifact.coupling.centralized.breaker1.closed -- Link time update (0.08600000000000006)
[modelicaAgent] INFO mecsyco.artifact.interface.model.fmi.modelicaAgent -- do step from 0.08500000000000006 to 0.08600000000000006
[modelicaAgent] DEBUG mecsyco.artifact.coupling.centralized.Bus3.V -- Link time update (0.08700000000000006)
[modelicaAgent] DEBUG mecsyco.artifact.coupling.centralized.Bus4.V -- Link time update (0.08700000000000006)
[modelicaAgent] DEBUG mecsyco.artifact.coupling.centralized.Bus5.V -- Link time update (0.08700000000000006)
[modelicaAgent] DEBUG mecsyco.artifact.coupling.centralized.breaker1.closed -- Link time update (0.08700000000000006)
[modelicaAgent] INFO mecsyco.artifact.interface.model.fmi.modelicaAgent -- do step from 0.08600000000000006 to 0.08700000000000006
[modelicaAgent] DEBUG mecsyco.artifact.coupling.centralized.Bus3.V -- Link time update (0.08800000000000006)
[modelicaAgent] DEBUG mecsyco.artifact.coupling.centralized.Bus4.V -- Link time update (0.08800000000000006)
[modelicaAgent] DEBUG mecsyco.artifact.coupling.centralized.Bus5.V -- Link time update (0.08800000000000006)
[modelicaAgent] DEBUG mecsyco.artifact.coupling.centralized.breaker1.closed -- Link time update (0.08800000000000006)
[modelicaAgent] INFO mecsyco.artifact.interface.model.fmi.modelicaAgent -- do step from 0.08700000000000006 to 0.08800000000000006
[modelicaAgent] DEBUG mecsyco.artifact.coupling.centralized.Bus3.V -- Link time update (0.08900000000000007)
[modelicaAgent] DEBUG mecsyco.artifact.coupling.centralized.Bus4.V -- Link time update (0.08900000000000007)
[modelicaAgent] DEBUG mecsyco.artifact.coupling.centralized.Bus5.V -- Link time update (0.08900000000000007)
[modelicaAgent] DEBUG mecsyco.artifact.coupling.centralized.breaker1.closed -- Link time update (0.08900000000000007)
[modelicaAgent] INFO mecsyco.artifact.interface.model.fmi.modelicaAgent -- do step from 0.08800000000000006 to 0.08900000000000007
[modelicaAgent] DEBUG mecsyco.artifact.coupling.centralized.Bus3.V -- Link time update (0.09000000000000007)
[modelicaAgent] DEBUG mecsyco.artifact.coupling.centralized.Bus4.V -- Link time update (0.09000000000000007)
[modelicaAgent] DEBUG mecsyco.artifact.coupling.centralized.Bus5.V -- Link time update (0.09000000000000007)
[modelicaAgent] DEBUG mecsyco.artifact.coupling.centralized.breaker1.closed -- Link time update (0.09000000000000007)
[modelicaAgent] INFO mecsyco.artifact.interface.model.fmi.modelicaAgent -- do step from 0.08900000000000007 to 0.09000000000000007
[modelicaAgent] DEBUG mecsyco.artifact.coupling.centralized.Bus3.V -- Link time update (0.09100000000000007)
[modelicaAgent] DEBUG mecsyco.artifact.coupling.centralized.Bus4.V -- Link time update (0.09100000000000007)
[modelicaAgent] DEBUG mecsyco.artifact.coupling.centralized.Bus5.V -- Link time update (0.09100000000000007)
[modelicaAgent] DEBUG mecsyco.artifact.coupling.centralized.breaker1.closed -- Link time update (0.09100000000000007)
[modelicaAgent] INFO mecsyco.artifact.interface.model.fmi.modelicaAgent -- do step from 0.09000000000000007 to 0.09100000000000007
[modelicaAgent] DEBUG mecsyco.artifact.coupling.centralized.Bus3.V -- Link time update (0.09200000000000007)
[modelicaAgent] DEBUG mecsyco.artifact.coupling.centralized.Bus4.V -- Link time update (0.09200000000000007)
[modelicaAgent] DEBUG mecsyco.artifact.coupling.centralized.Bus5.V -- Link time update (0.09200000000000007)
[modelicaAgent] DEBUG mecsyco.artifact.coupling.centralized.breaker1.closed -- Link time update (0.09200000000000007)
[modelicaAgent] INFO mecsyco.artifact.interface.model.fmi.modelicaAgent -- do step from 0.09100000000000007 to 0.09200000000000007
[modelicaAgent] DEBUG mecsyco.artifact.coupling.centralized.Bus3.V -- Link time update (0.09300000000000007)
[modelicaAgent] DEBUG mecsyco.artifact.coupling.centralized.Bus4.V -- Link time update (0.09300000000000007)
[modelicaAgent] DEBUG mecsyco.artifact.coupling.centralized.Bus5.V -- Link time update (0.09300000000000007)
[modelicaAgent] DEBUG mecsyco.artifact.coupling.centralized.breaker1.closed -- Link time update (0.09300000000000007)
[modelicaAgent] INFO mecsyco.artifact.interface.model.fmi.modelicaAgent -- do step from 0.09200000000000007 to 0.09300000000000007
[modelicaAgent] DEBUG mecsyco.artifact.coupling.centralized.Bus3.V -- Link time update (0.09400000000000007)
[modelicaAgent] DEBUG mecsyco.artifact.coupling.centralized.Bus4.V -- Link time update (0.09400000000000007)
[modelicaAgent] DEBUG mecsyco.artifact.coupling.centralized.Bus5.V -- Link time update (0.09400000000000007)
[modelicaAgent] DEBUG mecsyco.artifact.coupling.centralized.breaker1.closed -- Link time update (0.09400000000000007)
[modelicaAgent] INFO mecsyco.artifact.interface.model.fmi.modelicaAgent -- do step from 0.09300000000000007 to 0.09400000000000007
[modelicaAgent] DEBUG mecsyco.artifact.coupling.centralized.Bus3.V -- Link time update (0.09500000000000007)
[modelicaAgent] DEBUG mecsyco.artifact.coupling.centralized.Bus4.V -- Link time update (0.09500000000000007)
[modelicaAgent] DEBUG mecsyco.artifact.coupling.centralized.Bus5.V -- Link time update (0.09500000000000007)
[modelicaAgent] DEBUG mecsyco.artifact.coupling.centralized.breaker1.closed -- Link time update (0.09500000000000007)
[modelicaAgent] INFO mecsyco.artifact.interface.model.fmi.modelicaAgent -- do step from 0.09400000000000007 to 0.09500000000000007
[modelicaAgent] DEBUG mecsyco.artifact.coupling.centralized.Bus3.V -- Link time update (0.09600000000000007)
[modelicaAgent] DEBUG mecsyco.artifact.coupling.centralized.Bus4.V -- Link time update (0.09600000000000007)
[modelicaAgent] DEBUG mecsyco.artifact.coupling.centralized.Bus5.V -- Link time update (0.09600000000000007)
[modelicaAgent] DEBUG mecsyco.artifact.coupling.centralized.breaker1.closed -- Link time update (0.09600000000000007)
[modelicaAgent] INFO mecsyco.artifact.interface.model.fmi.modelicaAgent -- do step from 0.09500000000000007 to 0.09600000000000007
[modelicaAgent] DEBUG mecsyco.artifact.coupling.centralized.Bus3.V -- Link time update (0.09700000000000007)
[modelicaAgent] DEBUG mecsyco.artifact.coupling.centralized.Bus4.V -- Link time update (0.09700000000000007)
[modelicaAgent] DEBUG mecsyco.artifact.coupling.centralized.Bus5.V -- Link time update (0.09700000000000007)
[modelicaAgent] DEBUG mecsyco.artifact.coupling.centralized.breaker1.closed -- Link time update (0.09700000000000007)
[modelicaAgent] INFO mecsyco.artifact.interface.model.fmi.modelicaAgent -- do step from 0.09600000000000007 to 0.09700000000000007
[modelicaAgent] DEBUG mecsyco.artifact.coupling.centralized.Bus3.V -- Link time update (0.09800000000000007)
[modelicaAgent] DEBUG mecsyco.artifact.coupling.centralized.Bus4.V -- Link time update (0.09800000000000007)
[modelicaAgent] DEBUG mecsyco.artifact.coupling.centralized.Bus5.V -- Link time update (0.09800000000000007)
[modelicaAgent] DEBUG mecsyco.artifact.coupling.centralized.breaker1.closed -- Link time update (0.09800000000000007)
[modelicaAgent] INFO mecsyco.artifact.interface.model.fmi.modelicaAgent -- do step from 0.09700000000000007 to 0.09800000000000007
[modelicaAgent] DEBUG mecsyco.artifact.coupling.centralized.Bus3.V -- Link time update (0.09900000000000007)
[modelicaAgent] DEBUG mecsyco.artifact.coupling.centralized.Bus4.V -- Link time update (0.09900000000000007)
[modelicaAgent] DEBUG mecsyco.artifact.coupling.centralized.Bus5.V -- Link time update (0.09900000000000007)
[modelicaAgent] DEBUG mecsyco.artifact.coupling.centralized.breaker1.closed -- Link time update (0.09900000000000007)
[modelicaAgent] INFO mecsyco.artifact.interface.model.fmi.modelicaAgent -- do step from 0.09800000000000007 to 0.09900000000000007
[modelicaAgent] DEBUG mecsyco.artifact.coupling.centralized.Bus3.V -- Link time update (0.10000000000000007)
[modelicaAgent] DEBUG mecsyco.artifact.coupling.centralized.Bus4.V -- Link time update (0.10000000000000007)
[modelicaAgent] DEBUG mecsyco.artifact.coupling.centralized.Bus5.V -- Link time update (0.10000000000000007)
[modelicaAgent] DEBUG mecsyco.artifact.coupling.centralized.breaker1.closed -- Link time update (0.10000000000000007)
[modelicaAgent] INFO mecsyco.artifact.interface.model.fmi.modelicaAgent -- do step from 0.09900000000000007 to 0.10000000000000007
[modelicaAgent] TRACE mecsyco.magent.simulation.modelicaAgent -- at 0.10000000000000007 in Bus3.V send Tuple(1.0221237579979605)
[modelicaAgent] DEBUG mecsyco.artifact.coupling.centralized.Bus3.V -- Received Event(at 0.10000000000000007 Tuple(1.0221237579979605))
[modelicaAgent] TRACE mecsyco.magent.simulation.modelicaAgent -- at 0.10000000000000007 in Bus4.V send Tuple(1.0253978650611346)
[modelicaAgent] DEBUG mecsyco.artifact.coupling.centralized.Bus4.V -- Received Event(at 0.10000000000000007 Tuple(1.0253978650611346))
[modelicaAgent] TRACE mecsyco.magent.simulation.modelicaAgent -- at 0.10000000000000007 in Bus5.V send Tuple(0.9951331987452721)
[modelicaAgent] DEBUG mecsyco.artifact.coupling.centralized.Bus5.V -- Received Event(at 0.10000000000000007 Tuple(0.9951331987452721))
[modelicaAgent] TRACE mecsyco.magent.simulation.modelicaAgent -- at 0.10000000000000007 in breaker1.closed send Tuple(true)
[modelicaAgent] DEBUG mecsyco.artifact.coupling.centralized.breaker1.closed -- Received Event(at 0.10000000000000007 Tuple(true))
[modelicaAgent] DEBUG mecsyco.artifact.coupling.centralized.Bus3.V -- Link time update (0.10100000000000008)
[modelicaAgent] DEBUG mecsyco.artifact.coupling.centralized.Bus4.V -- Link time update (0.10100000000000008)
[modelicaAgent] DEBUG mecsyco.artifact.coupling.centralized.Bus5.V -- Link time update (0.10100000000000008)
[modelicaAgent] DEBUG mecsyco.artifact.coupling.centralized.breaker1.closed -- Link time update (0.10100000000000008)
[peersimAgent] TRACE mecsyco.magent.simulation.peersimAgent -- at 0.10000000000000007 from Bus3.V process Tuple(1.0221237579979605)
[peersimAgent] WARN mecsyco.artifact.coupling.centralized.breaker1.closed -- New link time (0.1) is lower than the current one (9.223372036854776E15)
[modelicaAgent] INFO mecsyco.artifact.interface.model.fmi.modelicaAgent -- do step from 0.10000000000000007 to 0.10100000000000008
[peersimAgent] DEBUG mecsyco.artifact.coupling.centralized.breaker1.closed -- Link time update (0.1)
[peersimAgent] WARN mecsyco.artifact.coupling.centralized.Bus3.V Voltage -- New link time (0.1) is lower than the current one (9.223372036854776E15)
[peersimAgent] DEBUG mecsyco.artifact.coupling.centralized.Bus3.V Voltage -- Link time update (0.1)
[peersimAgent] WARN mecsyco.artifact.coupling.centralized.Bus4.V Voltage -- New link time (0.1) is lower than the current one (9.223372036854776E15)
[modelicaAgent] DEBUG mecsyco.artifact.coupling.centralized.Bus3.V -- Link time update (0.10200000000000008)
[peersimAgent] DEBUG mecsyco.artifact.coupling.centralized.Bus4.V Voltage -- Link time update (0.1)
[modelicaAgent] DEBUG mecsyco.artifact.coupling.centralized.Bus4.V -- Link time update (0.10200000000000008)
[modelicaAgent] DEBUG mecsyco.artifact.coupling.centralized.Bus5.V -- Link time update (0.10200000000000008)
[peersimAgent] WARN mecsyco.artifact.coupling.centralized.Bus5.V Voltage -- New link time (0.1) is lower than the current one (9.223372036854776E15)
[modelicaAgent] DEBUG mecsyco.artifact.coupling.centralized.breaker1.closed -- Link time update (0.10200000000000008)
[peersimAgent] DEBUG mecsyco.artifact.coupling.centralized.Bus5.V Voltage -- Link time update (0.1)
[peersimAgent] WARN mecsyco.artifact.coupling.centralized.breaker1.closed Boolean -- New link time (0.1) is lower than the current one (9.223372036854776E15)
[peersimAgent] DEBUG mecsyco.artifact.coupling.centralized.breaker1.closed Boolean -- Link time update (0.1)
[peersimAgent] DEBUG mecsyco.artifact.coupling.centralized.breaker1.closed -- Link time update (9.223372036854776E15)
[peersimAgent] DEBUG mecsyco.artifact.coupling.centralized.Bus3.V Voltage -- Link time update (9.223372036854776E15)
[peersimAgent] DEBUG mecsyco.artifact.coupling.centralized.Bus4.V Voltage -- Link time update (9.223372036854776E15)
[peersimAgent] DEBUG mecsyco.artifact.coupling.centralized.Bus5.V Voltage -- Link time update (9.223372036854776E15)
[peersimAgent] DEBUG mecsyco.artifact.coupling.centralized.breaker1.closed Boolean -- Link time update (9.223372036854776E15)
[peersimAgent] TRACE mecsyco.magent.simulation.peersimAgent -- at 0.10000000000000007 from Bus4.V process Tuple(1.0253978650611346)
[peersimAgent] WARN mecsyco.artifact.coupling.centralized.breaker1.closed -- New link time (0.1) is lower than the current one (9.223372036854776E15)
[peersimAgent] DEBUG mecsyco.artifact.coupling.centralized.breaker1.closed -- Link time update (0.1)
[peersimAgent] WARN mecsyco.artifact.coupling.centralized.Bus3.V Voltage -- New link time (0.1) is lower than the current one (9.223372036854776E15)
[peersimAgent] DEBUG mecsyco.artifact.coupling.centralized.Bus3.V Voltage -- Link time update (0.1)
[peersimAgent] WARN mecsyco.artifact.coupling.centralized.Bus4.V Voltage -- New link time (0.1) is lower than the current one (9.223372036854776E15)
[peersimAgent] DEBUG mecsyco.artifact.coupling.centralized.Bus4.V Voltage -- Link time update (0.1)
[peersimAgent] WARN mecsyco.artifact.coupling.centralized.Bus5.V Voltage -- New link time (0.1) is lower than the current one (9.223372036854776E15)
[modelicaAgent] INFO mecsyco.artifact.interface.model.fmi.modelicaAgent -- do step from 0.10100000000000008 to 0.10200000000000008
[peersimAgent] DEBUG mecsyco.artifact.coupling.centralized.Bus5.V Voltage -- Link time update (0.1)
[peersimAgent] WARN mecsyco.artifact.coupling.centralized.breaker1.closed Boolean -- New link time (0.1) is lower than the current one (9.223372036854776E15)
[peersimAgent] DEBUG mecsyco.artifact.coupling.centralized.breaker1.closed Boolean -- Link time update (0.1)
[modelicaAgent] DEBUG mecsyco.artifact.coupling.centralized.Bus3.V -- Link time update (0.10300000000000008)
[modelicaAgent] DEBUG mecsyco.artifact.coupling.centralized.Bus4.V -- Link time update (0.10300000000000008)
[modelicaAgent] DEBUG mecsyco.artifact.coupling.centralized.Bus5.V -- Link time update (0.10300000000000008)
[modelicaAgent] DEBUG mecsyco.artifact.coupling.centralized.breaker1.closed -- Link time update (0.10300000000000008)
[peersimAgent] DEBUG mecsyco.artifact.coupling.centralized.breaker1.closed -- Link time update (9.223372036854776E15)
[peersimAgent] DEBUG mecsyco.artifact.coupling.centralized.Bus3.V Voltage -- Link time update (9.223372036854776E15)
[peersimAgent] DEBUG mecsyco.artifact.coupling.centralized.Bus4.V Voltage -- Link time update (9.223372036854776E15)
[peersimAgent] DEBUG mecsyco.artifact.coupling.centralized.Bus5.V Voltage -- Link time update (9.223372036854776E15)
[peersimAgent] DEBUG mecsyco.artifact.coupling.centralized.breaker1.closed Boolean -- Link time update (9.223372036854776E15)
[peersimAgent] TRACE mecsyco.magent.simulation.peersimAgent -- at 0.10000000000000007 from Bus5.V process Tuple(0.9951331987452721)
[peersimAgent] WARN mecsyco.artifact.coupling.centralized.breaker1.closed -- New link time (0.1) is lower than the current one (9.223372036854776E15)
[peersimAgent] DEBUG mecsyco.artifact.coupling.centralized.breaker1.closed -- Link time update (0.1)
[peersimAgent] WARN mecsyco.artifact.coupling.centralized.Bus3.V Voltage -- New link time (0.1) is lower than the current one (9.223372036854776E15)
[peersimAgent] DEBUG mecsyco.artifact.coupling.centralized.Bus3.V Voltage -- Link time update (0.1)
[peersimAgent] WARN mecsyco.artifact.coupling.centralized.Bus4.V Voltage -- New link time (0.1) is lower than the current one (9.223372036854776E15)
[peersimAgent] DEBUG mecsyco.artifact.coupling.centralized.Bus4.V Voltage -- Link time update (0.1)
[peersimAgent] WARN mecsyco.artifact.coupling.centralized.Bus5.V Voltage -- New link time (0.1) is lower than the current one (9.223372036854776E15)
[peersimAgent] DEBUG mecsyco.artifact.coupling.centralized.Bus5.V Voltage -- Link time update (0.1)
[peersimAgent] WARN mecsyco.artifact.coupling.centralized.breaker1.closed Boolean -- New link time (0.1) is lower than the current one (9.223372036854776E15)
[modelicaAgent] INFO mecsyco.artifact.interface.model.fmi.modelicaAgent -- do step from 0.10200000000000008 to 0.10300000000000008
[peersimAgent] DEBUG mecsyco.artifact.coupling.centralized.breaker1.closed Boolean -- Link time update (0.1)
[modelicaAgent] DEBUG mecsyco.artifact.coupling.centralized.Bus3.V -- Link time update (0.10400000000000008)
[modelicaAgent] DEBUG mecsyco.artifact.coupling.centralized.Bus4.V -- Link time update (0.10400000000000008)
[peersimAgent] DEBUG mecsyco.artifact.coupling.centralized.breaker1.closed -- Link time update (9.223372036854776E15)
[modelicaAgent] DEBUG mecsyco.artifact.coupling.centralized.Bus5.V -- Link time update (0.10400000000000008)
[peersimAgent] DEBUG mecsyco.artifact.coupling.centralized.Bus3.V Voltage -- Link time update (9.223372036854776E15)
[modelicaAgent] DEBUG mecsyco.artifact.coupling.centralized.breaker1.closed -- Link time update (0.10400000000000008)
[peersimAgent] DEBUG mecsyco.artifact.coupling.centralized.Bus4.V Voltage -- Link time update (9.223372036854776E15)
[peersimAgent] DEBUG mecsyco.artifact.coupling.centralized.Bus5.V Voltage -- Link time update (9.223372036854776E15)
[peersimAgent] DEBUG mecsyco.artifact.coupling.centralized.breaker1.closed Boolean -- Link time update (9.223372036854776E15)
[peersimAgent] TRACE mecsyco.magent.simulation.peersimAgent -- at 0.10000000000000007 from breaker1.closed process Tuple(true)
[peersimAgent] WARN mecsyco.artifact.coupling.centralized.breaker1.closed -- New link time (0.1) is lower than the current one (9.223372036854776E15)
[peersimAgent] DEBUG mecsyco.artifact.coupling.centralized.breaker1.closed -- Link time update (0.1)
[peersimAgent] WARN mecsyco.artifact.coupling.centralized.Bus3.V Voltage -- New link time (0.1) is lower than the current one (9.223372036854776E15)
[peersimAgent] DEBUG mecsyco.artifact.coupling.centralized.Bus3.V Voltage -- Link time update (0.1)
[peersimAgent] WARN mecsyco.artifact.coupling.centralized.Bus4.V Voltage -- New link time (0.1) is lower than the current one (9.223372036854776E15)
[peersimAgent] DEBUG mecsyco.artifact.coupling.centralized.Bus4.V Voltage -- Link time update (0.1)
[peersimAgent] WARN mecsyco.artifact.coupling.centralized.Bus5.V Voltage -- New link time (0.1) is lower than the current one (9.223372036854776E15)
[peersimAgent] DEBUG mecsyco.artifact.coupling.centralized.Bus5.V Voltage -- Link time update (0.1)
[peersimAgent] WARN mecsyco.artifact.coupling.centralized.breaker1.closed Boolean -- New link time (0.1) is lower than the current one (9.223372036854776E15)
[peersimAgent] DEBUG mecsyco.artifact.coupling.centralized.breaker1.closed Boolean -- Link time update (0.1)
[modelicaAgent] INFO mecsyco.artifact.interface.model.fmi.modelicaAgent -- do step from 0.10300000000000008 to 0.10400000000000008
[modelicaAgent] DEBUG mecsyco.artifact.coupling.centralized.Bus3.V -- Link time update (0.10500000000000008)
[modelicaAgent] DEBUG mecsyco.artifact.coupling.centralized.Bus4.V -- Link time update (0.10500000000000008)
[modelicaAgent] DEBUG mecsyco.artifact.coupling.centralized.Bus5.V -- Link time update (0.10500000000000008)
[modelicaAgent] DEBUG mecsyco.artifact.coupling.centralized.breaker1.closed -- Link time update (0.10500000000000008)
[peersimAgent] TRACE mecsyco.magent.simulation.peersimAgent -- at 0.1 in breaker1.closed send Tuple(0.1; 1)
[peersimAgent] DEBUG mecsyco.artifact.coupling.centralized.breaker1.closed -- Received Event(at 0.1 Tuple(0.1; 1))
[peersimAgent] DEBUG mecsyco.artifact.coupling.centralized.breaker1.closed -- Link time update (9.223372036854776E15)
[peersimAgent] DEBUG mecsyco.artifact.coupling.centralized.Bus3.V Voltage -- Link time update (9.223372036854776E15)
[peersimAgent] DEBUG mecsyco.artifact.coupling.centralized.Bus4.V Voltage -- Link time update (9.223372036854776E15)
[peersimAgent] DEBUG mecsyco.artifact.coupling.centralized.Bus5.V Voltage -- Link time update (9.223372036854776E15)
[peersimAgent] DEBUG mecsyco.artifact.coupling.centralized.breaker1.closed Boolean -- Link time update (9.223372036854776E15)
[modelicaAgent] ERROR mecsyco.magent.simulation.modelicaAgent -- causality exception
mecsyco.core.exception.CausalityException: Causality constraint not respected: [modelicaAgent]: tl[0.10400000000000008] > getOutputEvent.time[0.1]
	at mecsyco.core.agent.EventMAgent.run(EventMAgent.java:418) ~[mecsyco-re-2.0.1.jar:na]
[modelicaAgent] DEBUG mecsyco.artifact.coupling.centralized.Bus3.V -- Link time update (1.7976931348623157E308)
[modelicaAgent] DEBUG mecsyco.artifact.coupling.centralized.Bus4.V -- Link time update (1.7976931348623157E308)
[modelicaAgent] DEBUG mecsyco.artifact.coupling.centralized.Bus5.V -- Link time update (1.7976931348623157E308)
[modelicaAgent] DEBUG mecsyco.artifact.coupling.centralized.breaker1.closed -- Link time update (1.7976931348623157E308)
[peersimAgent] DEBUG mecsyco.artifact.coupling.centralized.breaker1.closed -- Link time update (1.7976931348623157E308)
[peersimAgent] DEBUG mecsyco.artifact.coupling.centralized.Bus3.V Voltage -- Link time update (1.7976931348623157E308)
[peersimAgent] DEBUG mecsyco.artifact.coupling.centralized.Bus4.V Voltage -- Link time update (1.7976931348623157E308)
[peersimAgent] DEBUG mecsyco.artifact.coupling.centralized.Bus5.V Voltage -- Link time update (1.7976931348623157E308)
[peersimAgent] DEBUG mecsyco.artifact.coupling.centralized.breaker1.closed Boolean -- Link time update (1.7976931348623157E308)
[peersimAgent] INFO mecsyco.artifact.interface.model.peerSim -- ends simulation at time 0.1
[modelicaAgent] INFO mecsyco.artifact.interface.model.fmi.modelicaAgent -- ends simulation at time 0.10400000000000008
